
> jamstack-architecture@0.1.0 build C:\Users\jefer\DEV\monorepo\apps\jamstack-architecture
> next build

info  - Loaded env from C:\Users\jefer\DEV\monorepo\apps\jamstack-architecture\.env
warn  - Invalid next.config.js options detected: 
  - The root value has an unexpected property, responsive, which is not in the list of allowed properties (amp, analyticsId, assetPrefix, basePath, cleanDistDir, compiler, compress, crossOrigin, devIndicators, distDir, env, eslint, excludeDefaultMomentLocales, experimental, exportPathMap, future, generateBuildId, generateEtags, headers, httpAgentOptions, i18n, images, onDemandEntries, optimizeFonts, output, outputFileTracing, pageExtensions, poweredByHeader, productionBrowserSourceMaps, publicRuntimeConfig, reactStrictMode, redirects, rewrites, sassOptions, serverRuntimeConfig, staticPageGenerationTimeout, swcMinify, trailingSlash, typescript, useFileSystemPublicRoutes, webpack).

See more info here: https://nextjs.org/docs/messages/invalid-next-config
info  - Linting and checking validity of types...
error - ESLint: Plugin "react-hooks" was conflicted between ".eslintrc » eslint-config-next » plugin:react-hooks/recommended" and "..\..\.eslintrc.js » eslint-config-custom » eslint-config-next » plugin:react-hooks/recommended".
info  - Creating an optimized production build...
info  - Disabled SWC as replacement for Babel because of custom Babel configuration ".babelrc.js" https://nextjs.org/docs/messages/swc-disabled
info  - Compiled successfully
info  - Collecting page data...
info  - Generating static pages (0/9)
info  - Generating static pages (2/9)
info  - Generating static pages (4/9)
info  - Generating static pages (6/9)
info  - Generating static pages (9/9)
info  - Finalizing page optimization...

Route (pages)                              Size     First Load JS
┌   /_app                                  0 B            84.4 kB
├ ○ /404                                   2.64 kB        87.1 kB
├ λ /api/hello                             0 B            84.4 kB
├ ● /sample/[[...slug]] (306 ms)           292 B          84.7 kB
├   ├ /sample
├   ├ /sample/level1
├   └ /sample/level1/level2
├ ○ /sample/cmdk (454 ms)                  13.8 kB        98.2 kB
├ ○ /sample/next-index                     6.42 kB        90.8 kB
├   └ css/7c9e31c2156353a4.css             706 B
├ ○ /sample/optimized-images               684 B          85.1 kB
└ ○ /sample/twin                           3.69 kB        88.1 kB
+ First Load JS shared by all              87.6 kB
  ├ chunks/framework-ceb470d8f68752fc.js   45.5 kB
  ├ chunks/main-3f7bec7df9699587.js        29.5 kB
  ├ chunks/pages/_app-1bd6905970874136.js  7.59 kB
  ├ chunks/webpack-c46d8f8808d73e5a.js     1.77 kB
  └ css/e85480372dd76eb9.css               3.19 kB

λ  (Server)  server-side renders at runtime (uses getInitialProps or getServerSideProps)
○  (Static)  automatically rendered as static HTML (uses no initial props)
●  (SSG)     automatically generated as static HTML + JSON (uses getStaticProps)

